[2025-09-23 21:52:15] Workflow started.
Using Python: Python 3.11.13
--- PHASE 1: RECORDING ---
Spawned 6 recorder(s). Waiting...
[2025-09-23 21:52:15] Preflight LBC ...
[2025-09-23 21:52:15] Preflight FranceInfo ...
[2025-09-23 21:52:15] Preflight Deutschlandfunk ...
[2025-09-23 21:52:15] Preflight BBCWorld ...
[2025-09-23 21:52:15] Preflight RaiRadio ...
[2025-09-23 21:52:15] Preflight RNERadio ...
[2025-09-23 21:52:15] RaiRadio: preflight failed; skipping.
[2025-09-23 21:52:15] RNERadio: preflight failed; skipping.
[2025-09-23 21:52:16] BBCWorld: preflight failed; skipping.
[2025-09-23 21:52:16] LBC: attempt 1/2
[2025-09-23 21:52:16] LBC: attempt 1 failed (rc=127)
[2025-09-23 21:52:16] FranceInfo: attempt 1/2
[2025-09-23 21:52:16] FranceInfo: attempt 1 failed (rc=127)
[2025-09-23 21:52:17] Deutschlandfunk: attempt 1/2
[2025-09-23 21:52:17] Deutschlandfunk: attempt 1 failed (rc=127)
[2025-09-23 21:52:21] LBC: attempt 2/2
[2025-09-23 21:52:21] LBC: attempt 2 failed (rc=127)
[2025-09-23 21:52:21] FranceInfo: attempt 2/2
[2025-09-23 21:52:21] FranceInfo: attempt 2 failed (rc=127)
[2025-09-23 21:52:22] Deutschlandfunk: attempt 2/2
[2025-09-23 21:52:22] Deutschlandfunk: attempt 2 failed (rc=127)
------ LAST 40 LINES (LBC ffmpeg) ------
timeout: failed to run command ‘ffmpeg_cmd’: No such file or directory
timeout: failed to run command ‘ffmpeg_cmd’: No such file or directory
------------------------------------------
------ LAST 40 LINES (FranceInfo ffmpeg) ------
timeout: failed to run command ‘ffmpeg_cmd’: No such file or directory
timeout: failed to run command ‘ffmpeg_cmd’: No such file or directory
------------------------------------------
[2025-09-23 21:52:26] FranceInfo: FAILED (exit 127)
------ LAST 40 LINES (Deutschlandfunk ffmpeg) ------
timeout: failed to run command ‘ffmpeg_cmd’: No such file or directory
timeout: failed to run command ‘ffmpeg_cmd’: No such file or directory
------------------------------------------
[2025-09-23 21:52:27] Deutschlandfunk: FAILED (exit 127)
[2025-09-23 21:52:27] BBCWorld: FAILED (exit 251)
[2025-09-23 21:52:27] LBC: FAILED (exit 127)
[2025-09-23 21:52:27] RaiRadio: FAILED (exit 251)
[2025-09-23 21:52:27] RNERadio: FAILED (exit 251)
[2025-09-23 21:52:27] Recording phase complete. Failures: 6
--- PHASE 2: TRANSCRIBING ---
Loading 'small' model (this may take a moment)...
Model loaded. Starting transcription.
No .wav files found to transcribe.
[2025-09-23 21:52:28] Workflow complete.
Exit signal received, killing background jobs...
